<?xml version="1.0" encoding="UTF-8"?>
<testng-results skipped="0" failed="0" ignored="0" total="1" passed="1">
  <reporter-output>
  </reporter-output>
  <suite name="Default suite" duration-ms="74" started-at="2020-04-22T06:44:42Z" finished-at="2020-04-22T06:44:42Z">
    <groups>
    </groups>
    <test name="Default test" duration-ms="74" started-at="2020-04-22T06:44:42Z" finished-at="2020-04-22T06:44:42Z">
      <class name="com.bridgelabz.selenieumscenarios.tests.NewTest">
        <test-method status="PASS" signature="f()[pri:0, instance:com.bridgelabz.selenieumscenarios.tests.NewTest@5c3bd550]" name="f" duration-ms="28" started-at="2020-04-22T06:44:42Z" finished-at="2020-04-22T06:44:42Z">
          <reporter-output>
          </reporter-output>
        </test-method> <!-- f -->
      </class> <!-- com.bridgelabz.selenieumscenarios.tests.NewTest -->
    </test> <!-- Default test -->
  </suite> <!-- Default suite -->
</testng-results>
